# JRE version: OpenJDK Runtime Environment (7.0_95) (build 1.7.0_95-b00)
# Java VM: OpenJDK 64-Bit Server VM (24.95-b01 mixed mode linux-amd64 compressed oops)
Heap
 PSYoungGen      total 1148928K, used 0K [0x00000007aaa80000, 0x0000000800000000, 0x0000000800000000)
  eden space 916992K, 0% used [0x00000007aaa80000,0x00000007aaa80000,0x00000007e2a00000)
  from space 231936K, 0% used [0x00000007f1d80000,0x00000007f1d80000,0x0000000800000000)
  to   space 240640K, 0% used [0x00000007e2a00000,0x00000007e2a00000,0x00000007f1500000)
 ParOldGen       total 806400K, used 806218K [0x0000000700000000, 0x0000000731380000, 0x00000007aaa80000)
  object space 806400K, 99% used [0x0000000700000000,0x0000000731352960,0x0000000731380000)
 PSPermGen       total 21504K, used 6586K [0x00000006f5a00000, 0x00000006f6f00000, 0x0000000700000000)
  object space 21504K, 30% used [0x00000006f5a00000,0x00000006f606ea90,0x00000006f6f00000)
GC Heap History (10 events):
Event: 268.007 GC heap after
Heap after GC invocations=26 (full 6):
 PSYoungGen      total 1018880K, used 108545K [0x00000007aaa80000, 0x00000007f4400000, 0x0000000800000000)
  eden space 880640K, 0% used [0x00000007aaa80000,0x00000007aaa80000,0x00000007e0680000)
  from space 138240K, 78% used [0x00000007e9b00000,0x00000007f05004a0,0x00000007f2200000)
  to   space 152064K, 0% used [0x00000007e0680000,0x00000007e0680000,0x00000007e9b00000)
 ParOldGen       total 488448K, used 462089K [0x0000000700000000, 0x000000071dd00000, 0x00000007aaa80000)
  object space 488448K, 94% used [0x0000000700000000,0x000000071c342750,0x000000071dd00000)
 PSPermGen       total 21504K, used 6568K [0x00000006f5a00000, 0x00000006f6f00000, 0x0000000700000000)
  object space 21504K, 30% used [0x00000006f5a00000,0x00000006f606a200,0x00000006f6f00000)
}
Event: 268.007 GC heap before
{Heap before GC invocations=27 (full 7):
 PSYoungGen      total 1018880K, used 108545K [0x00000007aaa80000, 0x00000007f4400000, 0x0000000800000000)
  eden space 880640K, 0% used [0x00000007aaa80000,0x00000007aaa80000,0x00000007e0680000)
  from space 138240K, 78% used [0x00000007e9b00000,0x00000007f05004a0,0x00000007f2200000)
  to   space 152064K, 0% used [0x00000007e0680000,0x00000007e0680000,0x00000007e9b00000)
 ParOldGen       total 488448K, used 462089K [0x0000000700000000, 0x000000071dd00000, 0x00000007aaa80000)
  object space 488448K, 94% used [0x0000000700000000,0x000000071c342750,0x000000071dd00000)
 PSPermGen       total 21504K, used 6568K [0x00000006f5a00000, 0x00000006f6f00000, 0x0000000700000000)
  object space 21504K, 30% used [0x00000006f5a00000,0x00000006f606a200,0x00000006f6f00000)
Event: 271.171 GC heap after
Heap after GC invocations=27 (full 7):
 PSYoungGen      total 1018880K, used 77320K [0x00000007aaa80000, 0x00000007f4400000, 0x0000000800000000)
  eden space 880640K, 0% used [0x00000007aaa80000,0x00000007aaa80000,0x00000007e0680000)
  from space 138240K, 55% used [0x00000007e9b00000,0x00000007ee682310,0x00000007f2200000)
  to   space 152064K, 0% used [0x00000007e0680000,0x00000007e0680000,0x00000007e9b00000)
 ParOldGen       total 623104K, used 488256K [0x0000000700000000, 0x0000000726080000, 0x00000007aaa80000)
  object space 623104K, 78% used [0x0000000700000000,0x000000071dcd0318,0x0000000726080000)
 PSPermGen       total 21504K, used 6568K [0x00000006f5a00000, 0x00000006f6f00000, 0x0000000700000000)
  object space 21504K, 30% used [0x00000006f5a00000,0x00000006f606a1e0,0x00000006f6f00000)
}
Event: 302.284 GC heap before
{Heap before GC invocations=28 (full 7):
 PSYoungGen      total 1018880K, used 957960K [0x00000007aaa80000, 0x00000007f4400000, 0x0000000800000000)
  eden space 880640K, 100% used [0x00000007aaa80000,0x00000007e0680000,0x00000007e0680000)
  from space 138240K, 55% used [0x00000007e9b00000,0x00000007ee682310,0x00000007f2200000)
  to   space 152064K, 0% used [0x00000007e0680000,0x00000007e0680000,0x00000007e9b00000)
 ParOldGen       total 623104K, used 488256K [0x0000000700000000, 0x0000000726080000, 0x00000007aaa80000)
  object space 623104K, 78% used [0x0000000700000000,0x000000071dcd0318,0x0000000726080000)
 PSPermGen       total 21504K, used 6585K [0x00000006f5a00000, 0x00000006f6f00000, 0x0000000700000000)
  object space 21504K, 30% used [0x00000006f5a00000,0x00000006f606e760,0x00000006f6f00000)
Event: 333.129 GC heap after
Heap after GC invocations=28 (full 7):
 PSYoungGen      total 1032704K, used 152051K [0x00000007aaa80000, 0x0000000800000000, 0x0000000800000000)
  eden space 880640K, 0% used [0x00000007aaa80000,0x00000007aaa80000,0x00000007e0680000)
  from space 152064K, 99% used [0x00000007e0680000,0x00000007e9afcee8,0x00000007e9b00000)
  to   space 231936K, 0% used [0x00000007f1d80000,0x00000007f1d80000,0x0000000800000000)
 ParOldGen       total 632832K, used 632647K [0x0000000700000000, 0x0000000726a00000, 0x00000007aaa80000)
  object space 632832K, 99% used [0x0000000700000000,0x00000007269d1d90,0x0000000726a00000)
 PSPermGen       total 21504K, used 6585K [0x00000006f5a00000, 0x00000006f6f00000, 0x0000000700000000)
  object space 21504K, 30% used [0x00000006f5a00000,0x00000006f606e760,0x00000006f6f00000)
}
Event: 333.306 GC heap before
{Heap before GC invocations=29 (full 8):
 PSYoungGen      total 1032704K, used 152051K [0x00000007aaa80000, 0x0000000800000000, 0x0000000800000000)
  eden space 880640K, 0% used [0x00000007aaa80000,0x00000007aaa80000,0x00000007e0680000)
  from space 152064K, 99% used [0x00000007e0680000,0x00000007e9afcee8,0x00000007e9b00000)
  to   space 231936K, 0% used [0x00000007f1d80000,0x00000007f1d80000,0x0000000800000000)
 ParOldGen       total 632832K, used 632647K [0x0000000700000000, 0x0000000726a00000, 0x00000007aaa80000)
  object space 632832K, 99% used [0x0000000700000000,0x00000007269d1d90,0x0000000726a00000)
 PSPermGen       total 21504K, used 6585K [0x00000006f5a00000, 0x00000006f6f00000, 0x0000000700000000)
  object space 21504K, 30% used [0x00000006f5a00000,0x00000006f606e760,0x00000006f6f00000)
Event: 336.873 GC heap after
Heap after GC invocations=29 (full 8):
 PSYoungGen      total 1032704K, used 146048K [0x00000007aaa80000, 0x0000000800000000, 0x0000000800000000)
  eden space 880640K, 0% used [0x00000007aaa80000,0x00000007aaa80000,0x00000007e0680000)
  from space 152064K, 96% used [0x00000007e0680000,0x00000007e9520320,0x00000007e9b00000)
  to   space 231936K, 0% used [0x00000007f1d80000,0x00000007f1d80000,0x0000000800000000)
 ParOldGen       total 806400K, used 632679K [0x0000000700000000, 0x0000000731380000, 0x00000007aaa80000)
  object space 806400K, 78% used [0x0000000700000000,0x00000007269d9d50,0x0000000731380000)
 PSPermGen       total 21504K, used 6585K [0x00000006f5a00000, 0x00000006f6f00000, 0x0000000700000000)
  object space 21504K, 30% used [0x00000006f5a00000,0x00000006f606e740,0x00000006f6f00000)
}
Event: 338.832 GC heap before
{Heap before GC invocations=30 (full 8):
 PSYoungGen      total 1032704K, used 1026688K [0x00000007aaa80000, 0x0000000800000000, 0x0000000800000000)
  eden space 880640K, 100% used [0x00000007aaa80000,0x00000007e0680000,0x00000007e0680000)
  from space 152064K, 96% used [0x00000007e0680000,0x00000007e9520320,0x00000007e9b00000)
  to   space 231936K, 0% used [0x00000007f1d80000,0x00000007f1d80000,0x0000000800000000)
 ParOldGen       total 806400K, used 632679K [0x0000000700000000, 0x0000000731380000, 0x00000007aaa80000)
  object space 806400K, 78% used [0x0000000700000000,0x00000007269d9d50,0x0000000731380000)
 PSPermGen       total 21504K, used 6586K [0x00000006f5a00000, 0x00000006f6f00000, 0x0000000700000000)
  object space 21504K, 30% used [0x00000006f5a00000,0x00000006f606ead0,0x00000006f6f00000)
Event: 377.361 GC heap after
Heap after GC invocations=30 (full 8):
 PSYoungGen      total 1148928K, used 141882K [0x00000007aaa80000, 0x0000000800000000, 0x0000000800000000)
  eden space 916992K, 0% used [0x00000007aaa80000,0x00000007aaa80000,0x00000007e2a00000)
  from space 231936K, 61% used [0x00000007f1d80000,0x00000007fa80eb68,0x0000000800000000)
  to   space 240640K, 0% used [0x00000007e2a00000,0x00000007e2a00000,0x00000007f1500000)
 ParOldGen       total 806400K, used 746395K [0x0000000700000000, 0x0000000731380000, 0x00000007aaa80000)
  object space 806400K, 92% used [0x0000000700000000,0x000000072d8e6f88,0x0000000731380000)
 PSPermGen       total 21504K, used 6586K [0x00000006f5a00000, 0x00000006f6f00000, 0x0000000700000000)
  object space 21504K, 30% used [0x00000006f5a00000,0x00000006f606ead0,0x00000006f6f00000)
}
Event: 377.361 GC heap before
{Heap before GC invocations=31 (full 9):
 PSYoungGen      total 1148928K, used 141882K [0x00000007aaa80000, 0x0000000800000000, 0x0000000800000000)
  eden space 916992K, 0% used [0x00000007aaa80000,0x00000007aaa80000,0x00000007e2a00000)
  from space 231936K, 61% used [0x00000007f1d80000,0x00000007fa80eb68,0x0000000800000000)
  to   space 240640K, 0% used [0x00000007e2a00000,0x00000007e2a00000,0x00000007f1500000)
 ParOldGen       total 806400K, used 746395K [0x0000000700000000, 0x0000000731380000, 0x00000007aaa80000)
  object space 806400K, 92% used [0x0000000700000000,0x000000072d8e6f88,0x0000000731380000)
 PSPermGen       total 21504K, used 6586K [0x00000006f5a00000, 0x00000006f6f00000, 0x0000000700000000)
  object space 21504K, 30% used [0x00000006f5a00000,0x00000006f606ead0,0x00000006f6f00000)

